[17:39:21] [main/INFO]: Loading for game Minecraft 1.15
[17:39:22] [main/INFO]: [FabricLoader] Loading 33 mods: fabric-renderer-api-v1@0.2.7+f3d8141b9f, minecraft@1.15, fabric-networking-blockentity-v0@0.2.3+e08a73059f, fabric-keybindings-v0@0.1.1+dfdb52d69f, fabricloader@0.7.2+build.174, fabric-renderer-indigo@0.2.19+821cdba79f, fabric-containers-v0@0.1.3+b7f9825d9f, fabric-dimensions-v1@0.2.3+06c939b39f, fabric-biomes-v1@0.1.5+3b05f68e9f, fabric-crash-report-info-v1@0.1.2+b7f9825d9f, fabric-events-interaction-v0@0.2.6+12515ed99f, fabric-api-base@0.1.2+b7f9825d9f, fabric-rendering-v0@1.0.1+b7f9825d9f, fabric-rendering-data-attachment-v1@0.1.3+b7f9825d9f, fabric-resource-loader-v0@0.1.10+06c939b39f, fabric-textures-v0@1.0.4+821cdba79f, fabric-content-registries-v0@0.1.3+b7f9825d9f, fabric-tag-extensions-v0@0.1.2+b7f9825d9f, fabric-rendering-fluids-v1@0.1.6+12515ed99f, fabric-registry-sync-v0@0.2.6+f3d8141b9f, fabric-commands-v0@0.1.2+b7f9825d9f, fabric-blockrenderlayer-v1@1.1.4+c6a8ea899f, fabric-mining-levels-v0@0.1.1+b7f9825d9f, fabric-renderer-registries-v1@2.0.1+5a0f9a609f, fabric-events-lifecycle-v0@0.1.2+b7f9825d9f, fabric-loot-tables-v1@0.1.5+e08a73059f, fabric@0.4.23+build.276-1.15, fabric-particles-v1@0.1.1+dfdb52d69f, fabric-models-v0@0.1.0+dfdb52d69f, fabric-item-groups-v0@0.1.6+ec40b2e19f, bamboo-fence-justfatlard@0.0.1, fabric-networking-v0@0.1.7+12515ed99f, fabric-object-builders-v0@0.1.3+e4c9a9c39f
[17:39:22] [main/INFO]: SpongePowered MIXIN Subsystem Version=0.8 Source=file:/C:/Users/chase/.gradle/caches/modules-2/files-2.1/net.fabricmc/sponge-mixin/0.8+build.16/f6fa0ddc2445392cd3499197158d928c7bd321c1/sponge-mixin-0.8+build.16.jar Service=Knot/Fabric Env=CLIENT
[17:39:22] [main/INFO]: Loaded Fabric development mappings for mixin remapper!
[17:39:23] [main/INFO]: Remapping refMap fabric-networking-v0-refmap.json using remapper chain
[17:39:23] [main/INFO]: Remapping refMap fabric-networking-blockentity-v0-refmap.json using remapper chain
[17:39:23] [main/INFO]: Remapping refMap fabric-biomes-v1-refmap.json using remapper chain
[17:39:23] [main/INFO]: Remapping refMap fabric-mining-levels-v0-refmap.json using remapper chain
[17:39:23] [main/INFO]: Remapping refMap fabric-containers-v0-refmap.json using remapper chain
[17:39:23] [main/INFO]: Remapping refMap fabric-renderer-indigo-refmap.json using remapper chain
[17:39:23] [main/INFO]: Remapping refMap fabric-rendering-data-attachment-v1-refmap.json using remapper chain
[17:39:23] [main/INFO]: Remapping refMap fabric-events-interaction-v0-refmap.json using remapper chain
[17:39:23] [main/INFO]: Remapping refMap fabric-loot-tables-v1-refmap.json using remapper chain
[17:39:23] [main/INFO]: Remapping refMap fabric-dimensions-v1-refmap.json using remapper chain
[17:39:23] [main/INFO]: Remapping refMap fabric-renderer-registries-v1-refmap.json using remapper chain
[17:39:23] [main/INFO]: Remapping refMap fabric-textures-v0-refmap.json using remapper chain
[17:39:23] [main/INFO]: Remapping refMap fabric-registry-sync-v0-refmap.json using remapper chain
[17:39:23] [main/INFO]: Remapping refMap fabric-models-v0-refmap.json using remapper chain
[17:39:23] [main/INFO]: Remapping refMap fabric-keybindings-v0-refmap.json using remapper chain
[17:39:23] [main/INFO]: Remapping refMap fabric-blockrenderlayer-v1-refmap.json using remapper chain
[17:39:23] [main/INFO]: Remapping refMap fabric-renderer-api-v1-refmap.json using remapper chain
[17:39:23] [main/INFO]: Remapping refMap fabric-containers-v0-refmap.json using remapper chain
[17:39:23] [main/INFO]: Remapping refMap fabric-events-lifecycle-v0-refmap.json using remapper chain
[17:39:23] [main/INFO]: Remapping refMap fabric-rendering-fluids-v1-refmap.json using remapper chain
[17:39:23] [main/INFO]: Remapping refMap fabric-resource-loader-v0-refmap.json using remapper chain
[17:39:23] [main/INFO]: Remapping refMap fabric-particles-v1-refmap.json using remapper chain
[17:39:23] [main/INFO]: Remapping refMap fabric-rendering-v0-refmap.json using remapper chain
[17:39:23] [main/INFO]: Remapping refMap fabric-object-builders-v0-refmap.json using remapper chain
[17:39:23] [main/INFO]: Remapping refMap fabric-tag-extensions-v0-refmap.json using remapper chain
[17:39:23] [main/INFO]: Remapping refMap fabric-item-groups-v0-refmap.json using remapper chain
[17:39:23] [main/INFO]: Remapping refMap fabric-content-registries-v0-refmap.json using remapper chain
[17:39:23] [main/INFO]: Remapping refMap fabric-crash-report-info-v1-refmap.json using remapper chain
[17:39:23] [main/INFO]: Remapping refMap fabric-commands-v0-refmap.json using remapper chain
[17:39:23] [main/INFO]: Remapping refMap fabric-renderer-api-v1-refmap.json using remapper chain
[17:39:24] [main/INFO]: Setting user: Player483
[17:39:34] [main/INFO]: [Indigo] Registering Indigo renderer!
[17:39:35] [main/INFO]: Backend library: LWJGL version 3.2.2 build 10
[17:39:45] [main/INFO]: Narrator library for x64 successfully loaded
[17:39:45] [main/INFO]: Reloading ResourceManager: Default, Fabric Renderer API (v1), Fabric Networking Block Entity (v0), Fabric Key Bindings (v0), Fabric Renderer - Indigo, Fabric Containers (v0), Fabric Biomes (v1), Fabric Crash Report Info (v1), Fabric Events Interaction (v0), Fabric API Base, Fabric Rendering (v0), Fabric Rendering Data Attachment (v1), Fabric Resource Loader (v0), Fabric Textures (v0), Fabric Content Registries (v0), Fabric Tag Extensions (v0), Fabric Rendering Fluids (v1), Fabric Registry Sync (v0), Fabric Commands (v0), Fabric BlockRenderLayer Registration (v1), Fabric Mining Levels (v0), Fabric Renderer Registries (v1), Fabric Events Lifecycle (v0), Fabric Loot Tables (v1), Fabric API, Fabric Models (v0), Fabric Item Groups (v0), Bamboo Fences, Fabric Networking (v0), Fabric Object Builders (v0)
[17:39:47] [Realms Notification Availability checker #1/INFO]: Could not authorize you against Realms server: Invalid session id
[17:39:53] [main/INFO]: OpenAL initialized.
[17:39:53] [main/INFO]: Sound engine started
[17:39:53] [main/INFO]: Created: 1024x1024x4 minecraft:textures/atlas/blocks.png-atlas
[17:39:53] [main/INFO]: Created: 256x128x4 minecraft:textures/atlas/signs.png-atlas
[17:39:53] [main/INFO]: Created: 1024x512x4 minecraft:textures/atlas/banner_patterns.png-atlas
[17:39:53] [main/INFO]: Created: 1024x512x4 minecraft:textures/atlas/shield_patterns.png-atlas
[17:39:53] [main/INFO]: Created: 256x256x4 minecraft:textures/atlas/chest.png-atlas
[17:39:53] [main/INFO]: Created: 512x256x4 minecraft:textures/atlas/beds.png-atlas
[17:39:53] [main/INFO]: Created: 512x256x4 minecraft:textures/atlas/shulker_boxes.png-atlas
[17:39:54] [main/INFO]: Created: 256x256x0 minecraft:textures/atlas/particles.png-atlas
[17:39:54] [main/INFO]: Created: 256x256x0 minecraft:textures/atlas/paintings.png-atlas
[17:39:54] [main/INFO]: Created: 256x128x0 minecraft:textures/atlas/mob_effects.png-atlas
[17:40:06] [main/INFO]: Deleting level New World
[17:40:06] [main/INFO]: Attempt 1...
[17:40:10] [main/WARN]: Ambiguity between arguments [teleport, destination] and [teleport, targets] with inputs: [Player, 0123, @e, dd12be42-52a9-4a91-a8a1-11c01849e498]
[17:40:10] [main/WARN]: Ambiguity between arguments [teleport, location] and [teleport, destination] with inputs: [0.1 -0.5 .9, 0 0 0]
[17:40:10] [main/WARN]: Ambiguity between arguments [teleport, location] and [teleport, targets] with inputs: [0.1 -0.5 .9, 0 0 0]
[17:40:10] [main/WARN]: Ambiguity between arguments [teleport, targets] and [teleport, destination] with inputs: [Player, 0123, dd12be42-52a9-4a91-a8a1-11c01849e498]
[17:40:10] [main/WARN]: Ambiguity between arguments [teleport, targets, location] and [teleport, targets, destination] with inputs: [0.1 -0.5 .9, 0 0 0]
[17:40:10] [Server thread/INFO]: Starting integrated minecraft server version 1.15
[17:40:10] [Server thread/INFO]: Generating keypair
[17:40:10] [Server thread/INFO]: [fabric-registry-sync] Loaded registry data [file 1/4]
[17:40:10] [Server thread/INFO]: Found new data pack fabric/bamboo-fence-justfatlard, loading it automatically
[17:40:10] [Server thread/INFO]: Found new data pack fabric/fabric-mining-levels-v0, loading it automatically
[17:40:10] [Server thread/INFO]: Found new data pack vanilla, loading it automatically
[17:40:10] [Server thread/INFO]: Reloading ResourceManager: Default, Bamboo Fences, Fabric Mining Levels (v0)
[17:40:13] [Server thread/ERROR]: Parsing error loading recipe bamboo-fence-justfatlard:bamboo_fence_gate
com.google.gson.JsonSyntaxException: Unknown item 'bamboo-fence-justfatlard:bamboo_block'
	at net.minecraft.recipe.Ingredient.method_17873(Ingredient.java:192) ~[minecraft-1.15-mapped-net.fabricmc.yarn-1.15+build.1-v2.jar:?]
	at java.util.Optional.orElseThrow(Optional.java:408) ~[?:?]
	at net.minecraft.recipe.Ingredient.entryFromJson(Ingredient.java:192) ~[minecraft-1.15-mapped-net.fabricmc.yarn-1.15+build.1-v2.jar:?]
	at net.minecraft.recipe.Ingredient.fromJson(Ingredient.java:167) ~[minecraft-1.15-mapped-net.fabricmc.yarn-1.15+build.1-v2.jar:?]
	at net.minecraft.recipe.ShapedRecipe.getComponents(ShapedRecipe.java:236) ~[minecraft-1.15-mapped-net.fabricmc.yarn-1.15+build.1-v2.jar:?]
	at net.minecraft.recipe.ShapedRecipe.method_8159(ShapedRecipe.java:36) ~[minecraft-1.15-mapped-net.fabricmc.yarn-1.15+build.1-v2.jar:?]
	at net.minecraft.recipe.ShapedRecipe$Serializer.read(ShapedRecipe.java:259) ~[minecraft-1.15-mapped-net.fabricmc.yarn-1.15+build.1-v2.jar:?]
	at net.minecraft.recipe.ShapedRecipe$Serializer.read(ShapedRecipe.java:258) ~[minecraft-1.15-mapped-net.fabricmc.yarn-1.15+build.1-v2.jar:?]
	at net.minecraft.recipe.RecipeManager.deserialize(RecipeManager.java:126) ~[minecraft-1.15-mapped-net.fabricmc.yarn-1.15+build.1-v2.jar:?]
	at net.minecraft.recipe.RecipeManager.apply(RecipeManager.java:58) ~[minecraft-1.15-mapped-net.fabricmc.yarn-1.15+build.1-v2.jar:?]
	at net.minecraft.recipe.RecipeManager.apply(RecipeManager.java:45) ~[minecraft-1.15-mapped-net.fabricmc.yarn-1.15+build.1-v2.jar:?]
	at net.minecraft.resource.SinglePreparationResourceReloadListener.method_18790(SinglePreparationResourceReloadListener.java:13) ~[minecraft-1.15-mapped-net.fabricmc.yarn-1.15+build.1-v2.jar:?]
	at java.util.concurrent.CompletableFuture$UniAccept.tryFire$$$capture(CompletableFuture.java:714) ~[?:?]
	at java.util.concurrent.CompletableFuture$UniAccept.tryFire(CompletableFuture.java) ~[?:?]
	at java.util.concurrent.CompletableFuture$Completion.run(CompletableFuture.java:478) ~[?:?]
	at net.minecraft.resource.ResourceReloader.method_18365(ResourceReloader.java:69) ~[minecraft-1.15-mapped-net.fabricmc.yarn-1.15+build.1-v2.jar:?]
	at net.minecraft.server.ServerTask.run(ServerTask.java:17) [minecraft-1.15-mapped-net.fabricmc.yarn-1.15+build.1-v2.jar:?]
	at net.minecraft.util.thread.ThreadExecutor.executeTask(ThreadExecutor.java:136) [minecraft-1.15-mapped-net.fabricmc.yarn-1.15+build.1-v2.jar:?]
	at net.minecraft.util.thread.ReentrantThreadExecutor.executeTask(ReentrantThreadExecutor.java:22) [minecraft-1.15-mapped-net.fabricmc.yarn-1.15+build.1-v2.jar:?]
	at net.minecraft.util.thread.ThreadExecutor.runTask(ThreadExecutor.java:109) [minecraft-1.15-mapped-net.fabricmc.yarn-1.15+build.1-v2.jar:?]
	at net.minecraft.server.MinecraftServer.method_20415(MinecraftServer.java:719) [minecraft-1.15-mapped-net.fabricmc.yarn-1.15+build.1-v2.jar:?]
	at net.minecraft.server.MinecraftServer.runTask(MinecraftServer.java:713) [minecraft-1.15-mapped-net.fabricmc.yarn-1.15+build.1-v2.jar:?]
	at net.minecraft.util.thread.ThreadExecutor.runTasks(ThreadExecutor.java:119) [minecraft-1.15-mapped-net.fabricmc.yarn-1.15+build.1-v2.jar:?]
	at net.minecraft.server.MinecraftServer.reloadDataPacks(MinecraftServer.java:1473) [minecraft-1.15-mapped-net.fabricmc.yarn-1.15+build.1-v2.jar:?]
	at net.minecraft.server.MinecraftServer.loadWorldDataPacks(MinecraftServer.java:453) [minecraft-1.15-mapped-net.fabricmc.yarn-1.15+build.1-v2.jar:?]
	at net.minecraft.server.integrated.IntegratedServer.loadWorld(IntegratedServer.java:75) [minecraft-1.15-mapped-net.fabricmc.yarn-1.15+build.1-v2.jar:?]
	at net.minecraft.server.integrated.IntegratedServer.setupServer(IntegratedServer.java:94) [minecraft-1.15-mapped-net.fabricmc.yarn-1.15+build.1-v2.jar:?]
	at net.minecraft.server.MinecraftServer.run(MinecraftServer.java:627) [minecraft-1.15-mapped-net.fabricmc.yarn-1.15+build.1-v2.jar:?]
	at java.lang.Thread.run(Thread.java:834) [?:?]
[17:40:13] [Server thread/ERROR]: Parsing error loading recipe bamboo-fence-justfatlard:bamboo_fence
com.google.gson.JsonSyntaxException: Unknown item 'bamboo-fence-justfatlard:bamboo_block'
	at net.minecraft.recipe.Ingredient.method_17873(Ingredient.java:192) ~[minecraft-1.15-mapped-net.fabricmc.yarn-1.15+build.1-v2.jar:?]
	at java.util.Optional.orElseThrow(Optional.java:408) ~[?:?]
	at net.minecraft.recipe.Ingredient.entryFromJson(Ingredient.java:192) ~[minecraft-1.15-mapped-net.fabricmc.yarn-1.15+build.1-v2.jar:?]
	at net.minecraft.recipe.Ingredient.fromJson(Ingredient.java:167) ~[minecraft-1.15-mapped-net.fabricmc.yarn-1.15+build.1-v2.jar:?]
	at net.minecraft.recipe.ShapedRecipe.getComponents(ShapedRecipe.java:236) ~[minecraft-1.15-mapped-net.fabricmc.yarn-1.15+build.1-v2.jar:?]
	at net.minecraft.recipe.ShapedRecipe.method_8159(ShapedRecipe.java:36) ~[minecraft-1.15-mapped-net.fabricmc.yarn-1.15+build.1-v2.jar:?]
	at net.minecraft.recipe.ShapedRecipe$Serializer.read(ShapedRecipe.java:259) ~[minecraft-1.15-mapped-net.fabricmc.yarn-1.15+build.1-v2.jar:?]
	at net.minecraft.recipe.ShapedRecipe$Serializer.read(ShapedRecipe.java:258) ~[minecraft-1.15-mapped-net.fabricmc.yarn-1.15+build.1-v2.jar:?]
	at net.minecraft.recipe.RecipeManager.deserialize(RecipeManager.java:126) ~[minecraft-1.15-mapped-net.fabricmc.yarn-1.15+build.1-v2.jar:?]
	at net.minecraft.recipe.RecipeManager.apply(RecipeManager.java:58) ~[minecraft-1.15-mapped-net.fabricmc.yarn-1.15+build.1-v2.jar:?]
	at net.minecraft.recipe.RecipeManager.apply(RecipeManager.java:45) ~[minecraft-1.15-mapped-net.fabricmc.yarn-1.15+build.1-v2.jar:?]
	at net.minecraft.resource.SinglePreparationResourceReloadListener.method_18790(SinglePreparationResourceReloadListener.java:13) ~[minecraft-1.15-mapped-net.fabricmc.yarn-1.15+build.1-v2.jar:?]
	at java.util.concurrent.CompletableFuture$UniAccept.tryFire$$$capture(CompletableFuture.java:714) ~[?:?]
	at java.util.concurrent.CompletableFuture$UniAccept.tryFire(CompletableFuture.java) ~[?:?]
	at java.util.concurrent.CompletableFuture$Completion.run(CompletableFuture.java:478) ~[?:?]
	at net.minecraft.resource.ResourceReloader.method_18365(ResourceReloader.java:69) ~[minecraft-1.15-mapped-net.fabricmc.yarn-1.15+build.1-v2.jar:?]
	at net.minecraft.server.ServerTask.run(ServerTask.java:17) [minecraft-1.15-mapped-net.fabricmc.yarn-1.15+build.1-v2.jar:?]
	at net.minecraft.util.thread.ThreadExecutor.executeTask(ThreadExecutor.java:136) [minecraft-1.15-mapped-net.fabricmc.yarn-1.15+build.1-v2.jar:?]
	at net.minecraft.util.thread.ReentrantThreadExecutor.executeTask(ReentrantThreadExecutor.java:22) [minecraft-1.15-mapped-net.fabricmc.yarn-1.15+build.1-v2.jar:?]
	at net.minecraft.util.thread.ThreadExecutor.runTask(ThreadExecutor.java:109) [minecraft-1.15-mapped-net.fabricmc.yarn-1.15+build.1-v2.jar:?]
	at net.minecraft.server.MinecraftServer.method_20415(MinecraftServer.java:719) [minecraft-1.15-mapped-net.fabricmc.yarn-1.15+build.1-v2.jar:?]
	at net.minecraft.server.MinecraftServer.runTask(MinecraftServer.java:713) [minecraft-1.15-mapped-net.fabricmc.yarn-1.15+build.1-v2.jar:?]
	at net.minecraft.util.thread.ThreadExecutor.runTasks(ThreadExecutor.java:119) [minecraft-1.15-mapped-net.fabricmc.yarn-1.15+build.1-v2.jar:?]
	at net.minecraft.server.MinecraftServer.reloadDataPacks(MinecraftServer.java:1473) [minecraft-1.15-mapped-net.fabricmc.yarn-1.15+build.1-v2.jar:?]
	at net.minecraft.server.MinecraftServer.loadWorldDataPacks(MinecraftServer.java:453) [minecraft-1.15-mapped-net.fabricmc.yarn-1.15+build.1-v2.jar:?]
	at net.minecraft.server.integrated.IntegratedServer.loadWorld(IntegratedServer.java:75) [minecraft-1.15-mapped-net.fabricmc.yarn-1.15+build.1-v2.jar:?]
	at net.minecraft.server.integrated.IntegratedServer.setupServer(IntegratedServer.java:94) [minecraft-1.15-mapped-net.fabricmc.yarn-1.15+build.1-v2.jar:?]
	at net.minecraft.server.MinecraftServer.run(MinecraftServer.java:627) [minecraft-1.15-mapped-net.fabricmc.yarn-1.15+build.1-v2.jar:?]
	at java.lang.Thread.run(Thread.java:834) [?:?]
[17:40:13] [Server thread/INFO]: Loaded 6 recipes
[17:40:13] [Server thread/INFO]: Loaded 825 advancements
[17:40:14] [Server thread/WARN]: Unable to find spawn biome
[17:40:27] [Server thread/INFO]: Preparing start region for dimension minecraft:overworld
[17:40:27] [main/INFO]: Preparing spawn area: 27%
[17:40:27] [main/INFO]: Preparing spawn area: 27%
[17:40:28] [main/INFO]: Preparing spawn area: 28%
[17:40:28] [main/INFO]: Preparing spawn area: 30%
[17:40:29] [main/INFO]: Preparing spawn area: 33%
[17:40:29] [main/INFO]: Preparing spawn area: 35%
[17:40:30] [main/INFO]: Preparing spawn area: 35%
[17:40:30] [main/INFO]: Preparing spawn area: 39%
[17:40:31] [main/INFO]: Preparing spawn area: 42%
[17:40:31] [main/INFO]: Preparing spawn area: 42%
[17:40:32] [main/INFO]: Preparing spawn area: 49%
[17:40:32] [main/INFO]: Preparing spawn area: 49%
[17:40:33] [main/INFO]: Preparing spawn area: 49%
[17:40:33] [main/INFO]: Preparing spawn area: 57%
[17:40:34] [main/INFO]: Preparing spawn area: 63%
[17:40:34] [main/INFO]: Preparing spawn area: 63%
[17:40:35] [main/INFO]: Preparing spawn area: 67%
[17:40:35] [main/INFO]: Preparing spawn area: 73%
[17:40:36] [main/INFO]: Preparing spawn area: 73%
[17:40:36] [main/INFO]: Preparing spawn area: 81%
[17:40:37] [main/INFO]: Preparing spawn area: 85%
[17:40:38] [main/INFO]: Preparing spawn area: 87%
[17:40:38] [main/INFO]: Preparing spawn area: 87%
[17:40:38] [main/INFO]: Preparing spawn area: 99%
[17:40:39] [main/INFO]: Time elapsed: 11757 ms
[17:40:40] [Server thread/INFO]: Changing view distance to 11, from 10
[17:40:42] [Server thread/INFO]: Player483[local:E:3dc02b2e] logged in with entity id 461 at (-93.5, 64.0, 57.5)
[17:40:43] [Server thread/INFO]: Player483 joined the game
[17:40:43] [Server thread/INFO]: Saving and pausing game...
[17:40:43] [main/INFO]: Loaded 0 advancements
[17:40:43] [Server thread/INFO]: Saving chunks for level 'New World'/minecraft:the_nether
[17:40:43] [Server thread/INFO]: Saving chunks for level 'New World'/minecraft:the_end
[17:40:43] [Server thread/INFO]: Saving chunks for level 'New World'/minecraft:overworld
[17:40:46] [Server thread/WARN]: Can't keep up! Is the server overloaded? Running 3154ms or 63 ticks behind
[17:41:03] [Server thread/WARN]: Can't keep up! Is the server overloaded? Running 2272ms or 45 ticks behind
[17:42:57] [main/INFO]: [CHAT] Saved screenshot as 2019-12-22_17.42.56.png
[17:43:02] [Server thread/INFO]: Saving and pausing game...
[17:43:02] [Server thread/INFO]: Saving chunks for level 'New World'/minecraft:the_nether
[17:43:02] [Server thread/INFO]: Saving chunks for level 'New World'/minecraft:the_end
[17:43:02] [Server thread/INFO]: Saving chunks for level 'New World'/minecraft:overworld
[17:43:03] [Server thread/INFO]: Player483 lost connection: Disconnected
[17:43:03] [Server thread/INFO]: Player483 left the game
[17:43:03] [Server thread/INFO]: Stopping singleplayer server as player logged out
[17:43:03] [Server thread/INFO]: Stopping server
[17:43:03] [Server thread/INFO]: Saving players
[17:43:03] [Server thread/INFO]: Saving worlds
[17:43:03] [Server thread/INFO]: Saving chunks for level 'New World'/minecraft:the_nether
[17:43:03] [Server thread/INFO]: ThreadedAnvilChunkStorage (DIM-1): All chunks are saved
[17:43:03] [Server thread/INFO]: Saving chunks for level 'New World'/minecraft:the_end
[17:43:03] [Server thread/INFO]: ThreadedAnvilChunkStorage (DIM1): All chunks are saved
[17:43:03] [Server thread/INFO]: Saving chunks for level 'New World'/minecraft:overworld
[17:43:03] [Server thread/INFO]: ThreadedAnvilChunkStorage (New World): All chunks are saved
[17:43:03] [Server thread/INFO]: ThreadedAnvilChunkStorage (DIM-1): All chunks are saved
[17:43:03] [Server thread/INFO]: ThreadedAnvilChunkStorage (DIM1): All chunks are saved
[17:43:03] [Server thread/INFO]: ThreadedAnvilChunkStorage (New World): All chunks are saved
[17:43:10] [main/INFO]: Stopping!
